*** Using Compiler 'V5.06 update 7 (build 960)', folder: 'D:\Program Files (x86)\Keil5\ARM\ARMCC\Bin'
Build target 'Project'
assembling startup_stm32f40_41xxx.s...
compiling misc.c...
compiling pstwo.c...
compiling system_stm32f4xx.c...
compiling stm32f4xx_gpio.c...
compiling can.c...
compiling motor.c...
compiling stm32f4xx_it.c...
compiling LED.C...
compiling delay.c...
compiling sys.c...
compiling usart.c...
compiling main.c...
compiling encoder.c...
compiling key.c...
compiling adc.c...
compiling timer.c...
compiling oled.c...
compiling usartx.c...
compiling DataScope_DP.C...
compiling stm32f4xx_rcc.c...
compiling stm32f4xx_syscfg.c...
compiling stm32f4xx_usart.c...
compiling stm32f4xx_adc.c...
compiling stm32f4xx_can.c...
compiling stm32f4xx_pwr.c...
compiling stm32f4xx_tim.c...
compiling filter.c...
User\App\filter.c(67): warning:  #1035-D: single-precision operand implicitly converted to double-precision
     angle = K1 * angle_m+ (1-K1) * (angle + gyro_m * 0.005);
User\App\filter.c: 1 warning, 0 errors
compiling system.c...
compiling I2C.c...
compiling MPU6050.c...
compiling robot_select_init.c...
compiling balance.c...
compiling show.c...
linking...
Program Size: Code=33558 RO-data=6306 RW-data=384 ZI-data=2944  
FromELF: creating hex file...
".\Objects\WHEELTEC.axf" - 0 Error(s), 1 Warning(s).
Build Time Elapsed:  00:00:02
