*** Using Compiler 'V5.06 update 7 (build 960)', folder: 'D:\Program Files (x86)\Keil5\ARM\ARMCC\Bin'
Rebuild target 'Project'
assembling startup_stm32f40xx.s...
compiling OLED_Data.c...
compiling stm32f4xx_cryp_tdes.c...
compiling stm32f4xx_cec.c...
compiling stm32f4xx_can.c...
compiling system_stm32f4xx.c...
compiling stm32f4xx_cryp_des.c...
compiling stm32f4xx_crc.c...
compiling misc.c...
compiling stm32f4xx_dac.c...
compiling Key.c...
compiling stm32f4xx_it.c...
compiling main.c...
compiling stm32f4xx_cryp.c...
compiling Delay.c...
compiling LED.c...
compiling stm32f4xx_dbgmcu.c...
compiling stm32f4xx_adc.c...
compiling stm32f4xx_cryp_aes.c...
compiling OLED.c...
Hardware\OLED.c(453): warning:  #111-D: statement is unreachable
  	OLED_I2C_Start();				//I2C起始
Hardware\OLED.c(602): warning:  #550-D: variable "PointAngle"  was set but never used
  	int16_t PointAngle;
Hardware\OLED.c: 2 warnings, 0 errors
compiling stm32f4xx_dcmi.c...
compiling stm32f4xx_dma.c...
compiling stm32f4xx_dfsdm.c...
compiling stm32f4xx_dsi.c...
compiling stm32f4xx_dma2d.c...
compiling stm32f4xx_exti.c...
compiling stm32f4xx_fmpi2c.c...
compiling stm32f4xx_flash_ramfunc.c...
compiling stm32f4xx_flash.c...
compiling stm32f4xx_gpio.c...
compiling stm32f4xx_iwdg.c...
compiling stm32f4xx_lptim.c...
compiling stm32f4xx_hash_sha1.c...
compiling stm32f4xx_fsmc.c...
compiling stm32f4xx_hash_md5.c...
compiling stm32f4xx_hash.c...
compiling stm32f4xx_i2c.c...
compiling stm32f4xx_pwr.c...
compiling stm32f4xx_ltdc.c...
compiling stm32f4xx_qspi.c...
compiling stm32f4xx_rng.c...
compiling stm32f4xx_rcc.c...
compiling stm32f4xx_sdio.c...
compiling stm32f4xx_sai.c...
compiling stm32f4xx_rtc.c...
compiling stm32f4xx_spdifrx.c...
compiling stm32f4xx_wwdg.c...
compiling stm32f4xx_spi.c...
compiling stm32f4xx_usart.c...
compiling stm32f4xx_syscfg.c...
compiling stm32f4xx_tim.c...
linking...
Program Size: Code=5052 RO-data=2808 RW-data=44 ZI-data=2052  
".\Output\Objects\Project.axf" - 0 Error(s), 2 Warning(s).
Build Time Elapsed:  00:00:02
